   1 0000               # FILE:         $File$
   2 0000               # AUTHOR:       P. White
   3 0000               # CONTRIBUTORS: M. Reek, W. Carithers
   4 0000               # 		Nicholas Graca
   5 0000               #
   6 0000               # DESCRIPTION:
   7 0000               #	In this experiment, you will write some code in a pair of 
   8 0000               #	functions that are used to simplify a fraction.
   9 0000               #
  10 0000               # ARGUMENTS:
  11 0000               #       None
  12 0000               #
  13 0000               # INPUT:
  14 0000               #	The numerator and denominator of a fraction
  15 0000               #
  16 0000               # OUTPUT:
  17 0000               #	The fraction in simplified form (ie 210/50 would be simplified
  18 0000               #	to "4 and 1/5")
  19 0000               #
  20 0000               # REVISION HISTORY:
  21 0000               #       Dec  13, 04         - P. White, created program
  22 0000               #
  23 0000               
  24 0000               #
  25 0000               # CONSTANT DECLARATIONS
  26 0000               #
  27 0000               PRINT_INT	= 1		# code for syscall to print integer
  28 0000               PRINT_STRING	= 4		# code for syscall to print a string
  29 0000               READ_INT	= 5		# code for syscall to read an int
  30 0000               
  31 0000               #
  32 0000               # DATA DECLARATIONS
  33 0000               #
  34 0000               	.data
  35 0000               into_msg:
  36 0000 0A2A2A2A		.ascii  "\n*************************\n"
          2A2A2A2A
          2A2A2A2A
          2A2A2A2A
          2A2A2A2A
          2A2A2A2A
  37 001b 2A2A2046		.ascii	  "** Fraction Simplifier **\n"
          72616374
          696F6E20
          53696D70
          6C696669
          6572202A
  38 0035 2A2A2A2A		.asciiz   "*************************\n\n"
          2A2A2A2A
          2A2A2A2A
          2A2A2A2A
          2A2A2A2A
          2A2A2A2A
  39 0051               newline:
  40 0051 0A00    		.asciiz "\n"
  41 0053               input_error:
  42 0053 0A457272		.asciiz "\nError with previous input, try again.\n"
          6F722077
          69746820
          70726576
          696F7573
          20696E70
  43 007b               num_string:
  44 007b 0A456E74		.asciiz "\nEnter the Numerator of the fraction: "
          65722074
          6865204E
          756D6572
          61746F72
          206F6620
  45 00a2               den_string:
  46 00a2 0A456E74		.asciiz "\nEnter the Denominator of the fraction: "
          65722074
          68652044
          656E6F6D
          696E6174
          6F72206F
  47 00cb               res_string:
  48 00cb 0A546865		.asciiz "\nThe simplified fraction is: "
          2073696D
          706C6966
          69656420
          66726163
          74696F6E
  49 00e9               and_string:
  50 00e9 20616E64		.asciiz " and "
          2000    
  51 00ef               div_string:
  52 00ef 2F00    		.asciiz "/"
  53 00f1               #
  54 00f1               # MAIN PROGRAM
  55 00f1               #
  56 0000               	.text
  57 0000               	.align	2
  58 0000               	.globl	main
  59 0000               main:
  60 0000 23BDFFF0	        addi    $sp, $sp, -16  	# space for return address/doubleword aligned
  61 0004 AFBF000C	        sw      $ra, 12($sp)    # store the ra on the stack
  62 0008 AFB20008	        sw      $s2, 8($sp)
  63 000c AFB10004	        sw      $s1, 4($sp)
  64 0010 AFB00000	        sw      $s0, 0($sp)
  65 0014               
  66 0014 3C040000		la	$a0, into_msg
     0018 34840000
  67 001c 0C00009B	        jal	print_string
  68 0020               
  69 0020               ask_for_num:
  70 0020 3C040000		la	$a0, num_string
     0024 34840000
  71 0028 0C00009B	        jal	print_string
  72 002c               
  73 002c 34020005		la	$v0, READ_INT
  74 0030 0000000C		syscall
  75 0034 00408021		move	$s0, $v0	# s0 will be the numerator
  76 0038               
  77 0038 28480000		slti    $t0, $v0, 0
  78 003c 11000004		beq	$t0, $zero, ask_for_den
  79 0040               
  80 0040 3C040000	        la      $a0, input_error
     0044 34840000
  81 0048 0C00009B		jal     print_string
  82 004c               
  83 004c 08000008		j	ask_for_num
  84 0050               
  85 0050               ask_for_den:
  86 0050 3C040000		la	$a0, den_string
     0054 34840000
  87 0058 0C00009B		jal	print_string
  88 005c               
  89 005c 34020005		la	$v0, READ_INT
  90 0060 0000000C		syscall
  91 0064 00402821		move	$a1, $v0	# a1 will be the denominator
  92 0068               
  93 0068 28480001		slti	$t0, $v0, 1
  94 006c 11000004		beq	$t0, $zero, den_good
  95 0070               
  96 0070 3C040000	        la      $a0, input_error
     0074 34840000
  97 0078 0C00009B		jal	print_string
  98 007c               
  99 007c 08000014		j	ask_for_den
 100 0080               
 101 0080               den_good:
 102 0080 02002021		move	$a0, $s0	# copy the numerator into a0
 103 0084 0C000040		jal	simplify
 104 0088               
 105 0088 00408021		move	$s0, $v0	# save the numerator
 106 008c 00608821		move	$s1, $v1	# save the denominator
 107 0090 03209021		move	$s2, $t9	# save the integer part
 108 0094               	
 109 0094 3C040000	        la      $a0, res_string
     0098 34840000
 110 009c 0C00009B		jal	print_string
 111 00a0               
 112 00a0 02402021		move	$a0, $s2
 113 00a4 34020001		li	$v0, PRINT_INT
 114 00a8 0000000C		syscall
 115 00ac               
 116 00ac 3C040000	        la      $a0, and_string
     00b0 34840000
 117 00b4 0C00009B		jal	print_string
 118 00b8               
 119 00b8 02002021	        move    $a0, $s0
 120 00bc 34020001		li	$v0, PRINT_INT
 121 00c0 0000000C		syscall
 122 00c4               
 123 00c4 3C040000	        la      $a0, div_string
     00c8 34840000
 124 00cc 0C00009B		jal	print_string
 125 00d0               
 126 00d0 02202021	        move    $a0, $s1
 127 00d4 34020001		li	$v0, PRINT_INT
 128 00d8 0000000C		syscall
 129 00dc               
 130 00dc 3C040000	        la      $a0, newline
     00e0 34840000
 131 00e4 0C00009B		jal	print_string
 132 00e8               
 133 00e8                       #
 134 00e8                       # Now exit the program.
 135 00e8               	#
 136 00e8 8FBF000C	        lw      $ra, 12($sp)	# clean up stack
 137 00ec 8FB20008	        lw      $s2, 8($sp)
 138 00f0 8FB10004	        lw      $s1, 4($sp)
 139 00f4 8FB00000	        lw      $s0, 0($sp)
 140 00f8 23BD0010	        addi    $sp, $sp, 16
 141 00fc 03E00008	        jr      $ra
 142 0100               
 143 0100               #
 144 0100               # Name:		simplify 
 145 0100               #
 146 0100               # Description:	Simplify a fraction.
 147 0100               #
 148 0100               # Arguments:	a0:	the original numerator
 149 0100               #		a1:	the original denominator
 150 0100               # Returns:	v0:	the simplified numerator
 151 0100               #		v1:	the simplified denominator
 152 0100               #		t9:	the simplified integer part
 153 0100               #
 154 0100               #######################################################################
 155 0100               # 		NOTE: 	this function uses a non-standard return register
 156 0100               #			t9 will contain the integer part of the
 157 0100               #			simplified fraction
 158 0100               #######################################################################
 159 0100               #
 160 0100               #
 161 0100               
 162 0100               simplify:
 163 0100 23BDFFD8	        addi    $sp, $sp, -40	# allocate stack frame (on doubleword boundary)
 164 0104 AFBF0020	        sw      $ra, 32($sp)    # store the ra & s reg's on the stack
 165 0108 AFB7001C	        sw      $s7, 28($sp)
 166 010c AFB60018	        sw      $s6, 24($sp)
 167 0110 AFB50014	        sw      $s5, 20($sp)
 168 0114 AFB40010	        sw      $s4, 16($sp)
 169 0118 AFB3000C	        sw      $s3, 12($sp)
 170 011c AFB20008	        sw      $s2, 8($sp)
 171 0120 AFB10004	        sw      $s1, 4($sp)
 172 0124 AFB00000	        sw      $s0, 0($sp)
 173 0128               	
 174 0128               # ######################################
 175 0128               # ##### BEGIN STUDENT CODE BLOCK 1 #####
 176 0128 0800004B	        j       sim_loop
 177 012c               
 178 012c               sim_loop:
 179 012c 0085982A	        slt     $s3, $a0, $a1           #s3 is 1 if den is less than s0 num
 180 0130 16600003	        bne     $s3, $zero, sim_else    #if den > num go to else
 181 0134 00852022	        sub     $a0, $a0, $a1
 182 0138 22310001	        addi    $s1, $s1, 1
 183 013c 0800004B	        j       sim_loop
 184 0140               
 185 0140               sim_else:
 186 0140 0080A021	        move    $s4, $a0        #save the num before you get GCD
 187 0144 00A0A821	        move    $s5, $a1        #save the den before you get GCD
 188 0148 0220B021	        move    $s6, $s1        #save the int before you get GCD
 189 014c 12800009	        beq     $s4, $zero, sim_special #check if the num is 0
 190 0150 0C00006E	        jal     find_gcd 
 191 0154 0282001A	        div     $s4, $s4, $v0   #divide the num and den by GCD
     0158 0000A012
 192 015c 02A2001A	        div     $s5, $s5, $v0
     0160 0000A812
 193 0164 02801021	        move    $v0, $s4        #move the final values to the correct register
 194 0168 02A01821	        move    $v1, $s5
 195 016c 02C0C821	        move    $t9, $s6
 196 0170 08000063	        j       simplify_done
 197 0174               
 198 0174               sim_special:                    #if the num is 0 divide the den by itself to get one
 199 0174 02801021	        move    $v0, $s4        #move the final values to the correct register
 200 0178 02A01821	        move    $v1, $s5
 201 017c 02C0C821	        move    $t9, $s6
 202 0180 0063001A	        div     $v1, $v1, $v1
     0184 00001812
 203 0188 08000063	        j       simplify_done
 204 018c                       
 205 018c               # ###### END STUDENT CODE BLOCK 1 ######
 206 018c               # ######################################
 207 018c               
 208 018c               simplify_done:
 209 018c 8FBF0020	        lw      $ra, 32($sp)    # restore the ra & s reg's from the stack
 210 0190 8FB7001C	        lw      $s7, 28($sp)
 211 0194 8FB60018	        lw      $s6, 24($sp)
 212 0198 8FB50014	        lw      $s5, 20($sp)
 213 019c 8FB40010	        lw      $s4, 16($sp)
 214 01a0 8FB3000C	        lw      $s3, 12($sp)
 215 01a4 8FB20008	        lw      $s2, 8($sp)
 216 01a8 8FB10004	        lw      $s1, 4($sp)
 217 01ac 8FB00000	        lw      $s0, 0($sp)
 218 01b0 23BD0028	        addi    $sp, $sp, 40      # clean up stack
 219 01b4 03E00008		jr	$ra
 220 01b8               
 221 01b8               #
 222 01b8               # Name:		find_gcd 
 223 01b8               #
 224 01b8               # Description:	computes the GCD of the two inputed numbers
 225 01b8               # Arguments:  	a0	The first number
 226 01b8               #		a1	The second number
 227 01b8               # Returns: 	v0	The GCD of a0 and a1.
 228 01b8               #
 229 01b8               
 230 01b8               find_gcd:
 231 01b8 23BDFFD8	        addi	$sp, $sp, -40	# allocate stackframe (doubleword aligned)
 232 01bc AFBF0020	        sw      $ra, 32($sp)    # store the ra & s reg's on the stack
 233 01c0 AFB7001C	        sw      $s7, 28($sp)
 234 01c4 AFB60018	        sw      $s6, 24($sp)
 235 01c8 AFB50014	        sw      $s5, 20($sp)
 236 01cc AFB40010	        sw      $s4, 16($sp)
 237 01d0 AFB3000C	        sw      $s3, 12($sp)
 238 01d4 AFB20008	        sw      $s2, 8($sp)
 239 01d8 AFB10004	        sw      $s1, 4($sp)
 240 01dc AFB00000	        sw      $s0, 0($sp)
 241 01e0               
 242 01e0               # ######################################
 243 01e0               # ##### BEGIN STUDENT CODE BLOCK 2 #####
 244 01e0 08000079	        j       gcd_loop
 245 01e4               
 246 01e4               gcd_loop:
 247 01e4 00801021	        move    $v0, $a0        #move value to this register so that it is ready when it retruns
 248 01e8 1085000E	        beq     $a0, $a1, find_gcd_done #check if they are equal
 249 01ec 0085C822	        sub     $t9, $a0, $a1
 250 01f0 0320482A	        slt     $t1, $t9, $zero
 251 01f4 15200004	        bne     $t1, $zero, gcd_absval  #make sure there are no negatives
 252 01f8 00A4502A	        slt     $t2, $a1, $a0
 253 01fc 11400007	        beq     $t2, $zero, gcd_else    #check which is bigger so you can make that the new D
 254 0200 03202021	        move    $a0, $t9
 255 0204 08000079	        j       gcd_loop
 256 0208               
 257 0208               gcd_absval:
 258 0208 00A4C822	        sub     $t9, $a1, $a0
 259 020c 00A4502A	        slt     $t2, $a1, $a0
 260 0210 11400002	        beq     $t2, $zero, gcd_else    #check which is larger
 261 0214 03202021	        move    $a0, $t9 
 262 0218 08000079	        j       gcd_loop
 263 021c               
 264 021c               gcd_else:
 265 021c 03202821	        move    $a1, $t9
 266 0220 08000079	        j       gcd_loop
 267 0224               
 268 0224               # ###### END STUDENT CODE BLOCK 2 ######
 269 0224               # ######################################
 270 0224               
 271 0224               find_gcd_done:
 272 0224 8FBF0020	        lw      $ra, 32($sp)    # restore the ra & s reg's from the stack
 273 0228 8FB7001C	        lw      $s7, 28($sp)
 274 022c 8FB60018	        lw      $s6, 24($sp)
 275 0230 8FB50014	        lw      $s5, 20($sp)
 276 0234 8FB40010	        lw      $s4, 16($sp)
 277 0238 8FB3000C	        lw      $s3, 12($sp)
 278 023c 8FB20008	        lw      $s2, 8($sp)
 279 0240 8FB10004	        lw      $s1, 4($sp)
 280 0244 8FB00000	        lw      $s0, 0($sp)
 281 0248 23BD0028	        addi    $sp, $sp, 40      # clean up the stack
 282 024c 03E00008		jr	$ra
 283 0250               
 284 0250               #
 285 0250               # Name;		print_number 
 286 0250               #
 287 0250               # Description:	This routine reads a number then a newline to stdout
 288 0250               # Arguments:	a0:  the number to print
 289 0250               # Returns:	nothing
 290 0250               #
 291 0250               print_number:
 292 0250               
 293 0250 34020001	        li 	$v0, PRINT_INT
 294 0254 0000000C	        syscall			#print a0
 295 0258               
 296 0258 3C040000	        la	$a0, newline
     025c 34840000
 297 0260 34020004	        li      $v0, PRINT_STRING
 298 0264 0000000C	        syscall			#print a newline
 299 0268               
 300 0268 03E00008	        jr      $ra
 301 026c               
 302 026c               #
 303 026c               # Name;		print_string 
 304 026c               #
 305 026c               # Description:	This routine prints out a string pointed to by a0
 306 026c               # Arguments:	a0:  a pointer to the string to print
 307 026c               # Returns:	nothing
 308 026c               #
 309 026c               print_string:
 310 026c               
 311 026c 34020004	        li 	$v0, PRINT_STRING
 312 0270 0000000C	        syscall			#print a0
 313 0274               
 314 0274 03E00008	        jr      $ra


PRINT_INT      = 00000001   
PRINT_STRING   = 00000004   
READ_INT       = 00000005   
and_string       000000E9 R  data 
ask_for_den      00000050 R  text 
ask_for_num      00000020 R  text 
den_good         00000080 R  text 
den_string       000000A2 R  data 
div_string       000000EF R  data 
find_gcd         000001B8 R  text 
find_gcd_done    00000224 R  text 
gcd_absval       00000208 R  text 
gcd_else         0000021C R  text 
gcd_loop         000001E4 R  text 
input_error      00000053 R  data 
into_msg         00000000 R  data 
main             00000000 RG text 
newline          00000051 R  data 
num_string       0000007B R  data 
print_number     00000250 R  text 
print_string     0000026C R  text 
res_string       000000CB R  data 
sim_else         00000140 R  text 
sim_loop         0000012C R  text 
sim_special      00000174 R  text 
simplify         00000100 R  text 
simplify_done    0000018C R  text 
